# JRE version: OpenJDK Runtime Environment Zulu18.30+11-CA (18.0.1+10) (build 18.0.1+10)
# Java VM: OpenJDK 64-Bit Server VM Zulu18.30+11-CA (18.0.1+10, mixed mode, sharing, tiered, compressed oops, compressed class ptrs, g1 gc, bsd-aarch64)
GC Precious Log:
 CardTable entry size: 512
 Card Set container configuration: InlinePtr #cards 5 size 8 Array Of Cards #cards 12 size 40 Howl #buckets 4 coarsen threshold 1843 Howl Bitmap #cards 512 size 80 coarsen threshold 460 Card regions per heap region 1 cards per card region 2048
 CPUs: 8 total, 8 available
 Memory: 8192M
 Large Page Support: Disabled
 NUMA Support: Disabled
 Compressed Oops: Enabled (Zero based)
 Heap Region Size: 1M
 Heap Min Capacity: 8M
 Heap Initial Capacity: 128M
 Heap Max Capacity: 2G
 Pre-touch: Disabled
 Parallel Workers: 8
 Concurrent Workers: 2
 Concurrent Refinement Workers: 8
 Periodic GC: Disabled
Heap:
 garbage-first heap   total 347136K, used 226531K [0x0000000780000000, 0x0000000800000000)
  region size 1024K, 35 young (35840K), 1 survivors (1024K)
 Metaspace       used 21822K, committed 22208K, reserved 1114112K
  class space    used 2755K, committed 2944K, reserved 1048576K
GC Heap History (12 events):
Event: 1.905 GC heap before
{Heap before GC invocations=0 (full 0):
 garbage-first heap   total 133120K, used 35808K [0x0000000780000000, 0x0000000800000000)
  region size 1024K, 23 young (23552K), 0 survivors (0K)
 Metaspace       used 12329K, committed 12608K, reserved 1114112K
  class space    used 1751K, committed 1856K, reserved 1048576K
}
Event: 1.911 GC heap after
{Heap after GC invocations=1 (full 0):
 garbage-first heap   total 133120K, used 19096K [0x0000000780000000, 0x0000000800000000)
  region size 1024K, 3 young (3072K), 3 survivors (3072K)
 Metaspace       used 12329K, committed 12608K, reserved 1114112K
  class space    used 1751K, committed 1856K, reserved 1048576K
}
Event: 3.444 GC heap before
{Heap before GC invocations=1 (full 0):
 garbage-first heap   total 133120K, used 34456K [0x0000000780000000, 0x0000000800000000)
  region size 1024K, 7 young (7168K), 3 survivors (3072K)
 Metaspace       used 13496K, committed 13824K, reserved 1114112K
  class space    used 1893K, committed 2048K, reserved 1048576K
}
Event: 3.447 GC heap after
{Heap after GC invocations=2 (full 0):
 garbage-first heap   total 133120K, used 32619K [0x0000000780000000, 0x0000000800000000)
  region size 1024K, 2 young (2048K), 2 survivors (2048K)
 Metaspace       used 13496K, committed 13824K, reserved 1114112K
  class space    used 1893K, committed 2048K, reserved 1048576K
}
Event: 3.569 GC heap before
{Heap before GC invocations=2 (full 0):
 garbage-first heap   total 133120K, used 110443K [0x0000000780000000, 0x0000000800000000)
  region size 1024K, 3 young (3072K), 2 survivors (2048K)
 Metaspace       used 13500K, committed 13824K, reserved 1114112K
  class space    used 1893K, committed 2048K, reserved 1048576K
}
Event: 3.569 GC heap after
{Heap after GC invocations=3 (full 0):
 garbage-first heap   total 133120K, used 110450K [0x0000000780000000, 0x0000000800000000)
  region size 1024K, 2 young (2048K), 2 survivors (2048K)
 Metaspace       used 13500K, committed 13824K, reserved 1114112K
  class space    used 1893K, committed 2048K, reserved 1048576K
}
Event: 15.591 GC heap before
{Heap before GC invocations=4 (full 0):
 garbage-first heap   total 194560K, used 115570K [0x0000000780000000, 0x0000000800000000)
  region size 1024K, 5 young (5120K), 2 survivors (2048K)
 Metaspace       used 13786K, committed 14080K, reserved 1114112K
  class space    used 1906K, committed 2048K, reserved 1048576K
}
Event: 15.592 GC heap after
{Heap after GC invocations=5 (full 0):
 garbage-first heap   total 194560K, used 28712K [0x0000000780000000, 0x0000000800000000)
  region size 1024K, 1 young (1024K), 1 survivors (1024K)
 Metaspace       used 13786K, committed 14080K, reserved 1114112K
  class space    used 1906K, committed 2048K, reserved 1048576K
}
Event: 17.179 GC heap before
{Heap before GC invocations=5 (full 0):
 garbage-first heap   total 194560K, used 44072K [0x0000000780000000, 0x0000000800000000)
  region size 1024K, 3 young (3072K), 1 survivors (1024K)
 Metaspace       used 13992K, committed 14272K, reserved 1114112K
  class space    used 1906K, committed 2048K, reserved 1048576K
}
Event: 17.180 GC heap after
{Heap after GC invocations=6 (full 0):
 garbage-first heap   total 194560K, used 43237K [0x0000000780000000, 0x0000000800000000)
  region size 1024K, 1 young (1024K), 1 survivors (1024K)
 Metaspace       used 13992K, committed 14272K, reserved 1114112K
  class space    used 1906K, committed 2048K, reserved 1048576K
}
Event: 17.303 GC heap before
{Heap before GC invocations=6 (full 0):
 garbage-first heap   total 269312K, used 121061K [0x0000000780000000, 0x0000000800000000)
  region size 1024K, 2 young (2048K), 1 survivors (1024K)
 Metaspace       used 13994K, committed 14272K, reserved 1114112K
  class space    used 1906K, committed 2048K, reserved 1048576K
}
Event: 17.304 GC heap after
{Heap after GC invocations=7 (full 0):
 garbage-first heap   total 269312K, used 121059K [0x0000000780000000, 0x0000000800000000)
  region size 1024K, 1 young (1024K), 1 survivors (1024K)
 Metaspace       used 13994K, committed 14272K, reserved 1114112K
  class space    used 1906K, committed 2048K, reserved 1048576K
}

